mode: set
project/dashboard/features/mentee/usecase/logic.go:9.61,13.2 1 1
project/dashboard/features/mentee/usecase/logic.go:15.81,17.344 1 1
project/dashboard/features/mentee/usecase/logic.go:23.2,24.15 2 1
project/dashboard/features/mentee/usecase/logic.go:28.2,28.12 1 1
project/dashboard/features/mentee/usecase/logic.go:17.344,19.3 1 1
project/dashboard/features/mentee/usecase/logic.go:19.8,19.61 1 1
project/dashboard/features/mentee/usecase/logic.go:19.61,21.3 1 1
project/dashboard/features/mentee/usecase/logic.go:24.15,26.3 1 1
project/dashboard/features/mentee/usecase/logic.go:32.81,35.16 2 1
project/dashboard/features/mentee/usecase/logic.go:39.2,39.18 1 1
project/dashboard/features/mentee/usecase/logic.go:35.16,37.3 1 1
project/dashboard/features/mentee/usecase/logic.go:42.96,44.16 2 1
project/dashboard/features/mentee/usecase/logic.go:47.2,47.17 1 1
project/dashboard/features/mentee/usecase/logic.go:44.16,46.3 1 1
