mode: set
project/dashboard/features/user/usecase/logic.go:13.57,17.2 1 1
project/dashboard/features/user/usecase/logic.go:19.74,22.16 2 1
project/dashboard/features/user/usecase/logic.go:26.2,26.18 1 1
project/dashboard/features/user/usecase/logic.go:22.16,24.3 1 1
project/dashboard/features/user/usecase/logic.go:29.57,31.25 1 1
project/dashboard/features/user/usecase/logic.go:36.2,36.26 1 1
project/dashboard/features/user/usecase/logic.go:40.2,41.15 2 1
project/dashboard/features/user/usecase/logic.go:45.2,45.12 1 1
project/dashboard/features/user/usecase/logic.go:31.25,34.3 2 0
project/dashboard/features/user/usecase/logic.go:36.26,38.3 1 0
project/dashboard/features/user/usecase/logic.go:41.15,43.3 1 1
project/dashboard/features/user/usecase/logic.go:49.52,52.15 2 1
project/dashboard/features/user/usecase/logic.go:56.2,56.12 1 1
project/dashboard/features/user/usecase/logic.go:52.15,54.3 1 1
project/dashboard/features/user/usecase/logic.go:59.58,61.127 1 1
project/dashboard/features/user/usecase/logic.go:65.2,65.26 1 1
project/dashboard/features/user/usecase/logic.go:69.2,73.15 4 1
project/dashboard/features/user/usecase/logic.go:77.2,77.12 1 1
project/dashboard/features/user/usecase/logic.go:61.127,63.3 1 1
project/dashboard/features/user/usecase/logic.go:65.26,67.3 1 0
project/dashboard/features/user/usecase/logic.go:73.15,75.3 1 1
project/dashboard/features/user/usecase/logic.go:80.83,83.16 2 1
project/dashboard/features/user/usecase/logic.go:87.2,87.25 1 1
project/dashboard/features/user/usecase/logic.go:83.16,85.3 1 1
